f:\チーム制作\super mario\サンプル\x64\debug\vc143.pdb
f:\チーム制作\super mario\サンプル\x64\debug\vc143.idb
f:\チーム制作\super mario\サンプル\x64\debug\float2.obj
f:\チーム制作\super mario\サンプル\x64\debug\random.obj
f:\チーム制作\super mario\サンプル\x64\debug\map.obj
f:\チーム制作\super mario\サンプル\x64\debug\main.obj
f:\チーム制作\super mario\サンプル\x64\debug\hit.obj
f:\チーム制作\super mario\サンプル\x64\debug\game.obj
f:\チーム制作\super mario\サンプル\x64\debug\base.obj
f:\チーム制作\super mario\サンプル\x64\debug\player.obj
f:\チーム制作\super mario\x64\debug\サンプル.exe
f:\チーム制作\super mario\x64\debug\サンプル.pdb
f:\チーム制作\super mario\サンプル\x64\debug\サンプル.ilk
f:\チーム制作\super mario\サンプル\x64\debug\サンプル.tlog\cl.command.1.tlog
f:\チーム制作\super mario\サンプル\x64\debug\サンプル.tlog\cl.items.tlog
f:\チーム制作\super mario\サンプル\x64\debug\サンプル.tlog\cl.read.1.tlog
f:\チーム制作\super mario\サンプル\x64\debug\サンプル.tlog\cl.write.1.tlog
f:\チーム制作\super mario\サンプル\x64\debug\サンプル.tlog\link.command.1.tlog
f:\チーム制作\super mario\サンプル\x64\debug\サンプル.tlog\link.read.1.tlog
f:\チーム制作\super mario\サンプル\x64\debug\サンプル.tlog\link.secondary.1.tlog
f:\チーム制作\super mario\サンプル\x64\debug\サンプル.tlog\link.write.1.tlog
